[2017-01-16 11:18:48] INFO [console:27] 数据表Table_163com236已经导入完成，共有559102行。
[2017-01-16 11:18:49] INFO [console:27] 数据表Table_163com237已经导入完成，共有559102行。
[2017-01-16 11:21:02] INFO [console:27] 数据表Table_dianshang_huwai已经导入完成，共有642925行。
[2017-01-16 11:21:41] INFO [console:27] 数据表Table_dianshang_gaizhuang已经导入完成，共有662860行。
[2017-01-16 11:26:08] INFO [console:27] 数据表Table_163com562已经导入完成，共有935018行。
[2017-01-16 11:27:25] INFO [console:27] 数据表Table_163com410已经导入完成，共有1000000行。
[2017-01-16 11:32:20] INFO [console:27] 数据表Table_163com238已经导入完成，共有559102行。
[2017-01-16 11:32:22] INFO [console:27] 数据表Table_dianshang_bangong已经导入完成，共有644683行。
[2017-01-16 11:37:25] INFO [console:27] 数据表Table_163com136已经导入完成，共有557870行。
[2017-01-16 11:43:29] INFO [console:27] 数据表Table_dianshang_tongzhuang已经导入完成，共有519052行。
[2017-01-16 11:54:00] INFO [console:27] 数据表Table_163com535已经导入完成，共有789436行。
[2017-01-16 11:54:09] INFO [console:27] 数据表Table_dianshang_7xi已经导入完成，共有6099行。
[2017-01-16 11:55:58] INFO [console:27] 数据表Table_163com239已经导入完成，共有1118204行。
[2017-01-16 11:56:56] INFO [console:27] 数据表Table_163com629已经导入完成，共有2414206行。
[2017-01-16 11:59:04] INFO [console:27] 数据表Table_163com628已经导入完成，共有2500729行。
[2017-01-16 12:01:36] INFO [console:27] 数据表Table_163com472已经导入完成，共有853337行。
[2017-01-16 12:07:50] INFO [console:27] 数据表Table_163com630已经导入完成，共有2406854行。
[2017-01-16 12:07:58] INFO [console:27] 数据表Table_163com441已经导入完成，共有2941362行。
[2017-01-16 12:08:24] INFO [console:27] 数据表Table_163com137已经导入完成，共有559095行。
[2017-01-16 12:19:19] INFO [console:27] 数据表Table_163com240已经导入完成，共有559102行。
[2017-01-16 12:19:35] INFO [console:27] 数据表Table_dianshang_shuma已经导入完成，共有516918行。
[2017-01-16 12:22:19] INFO [console:27] 数据表Table_163com563已经导入完成，共有999995行。
[2017-01-16 12:28:07] INFO [console:27] 数据表Table_163com816已经导入完成，共有971720行。
[2017-01-16 12:29:59] INFO [console:27] 数据表Table_163com170已经导入完成，共有511432行。
[2017-01-16 12:36:51] INFO [console:27] 数据表Table_163com473已经导入完成，共有855812行。
[2017-01-16 12:39:25] INFO [console:27] 数据表Table_163com138已经导入完成，共有559103行。
[2017-01-16 12:43:24] INFO [console:27] 数据表Table_163com442已经导入完成，共有3652202行。
[2017-01-16 12:46:33] INFO [console:27] 数据表Table_dianshang_zhubao已经导入完成，共有327670行。
[2017-01-16 12:55:39] INFO [console:27] 数据表Table_163com241已经导入完成，共有559102行。
[2017-01-16 12:57:56] INFO [console:27] 数据表Table_163com564已经导入完成，共有1000000行。
[2017-01-16 13:11:14] INFO [console:27] 数据表Table_163com139已经导入完成，共有559103行。
[2017-01-16 13:22:38] INFO [console:27] 数据表Table_163com631已经导入完成，共有2380389行。
[2017-01-16 13:35:10] INFO [console:27] 数据表Table_163com632已经导入完成，共有1078476行。
[2017-01-16 13:38:12] INFO [console:27] 数据表Table_163com474已经导入完成，共有2285630行。
[2017-01-16 13:44:51] INFO [console:27] 数据表Table_163com565已经导入完成，共有1000000行。
[2017-01-16 13:45:20] INFO [console:27] 数据表Table_dianshang_shishang已经导入完成，共有414892行。
[2017-01-16 13:50:51] INFO [console:27] 数据表Table_163com242已经导入完成，共有559102行。
[2017-01-16 13:54:30] INFO [console:27] 数据表Table_163com732已经导入完成，共有5591023行。
[2017-01-16 13:54:49] INFO [console:27] 数据表Table_163com854已经导入完成，共有12182行。
[2017-01-16 13:56:20] ERROR [console:33] 错误的表：Table_dianxin_guangzhouliantong73w，错误的行：[496000-498000]
[2017-01-16 13:56:58] INFO [console:27] 数据表Table_163com707已经导入完成，共有5378496行。
[2017-01-16 14:01:11] INFO [console:27] 数据表Table_dianxin_guangzhouliantong73w已经导入完成，共有722994行。
[2017-01-16 14:21:53] INFO [console:27] 数据表Table_163com243已经导入完成，共有1118204行。
[2017-01-16 14:23:38] ERROR [console:33] 错误的表：Table_dianxin_beijingVIP，错误的行：[80000-82000]
[2017-01-16 14:26:03] INFO [console:27] 数据表Table_dianxin_beijingVIP已经导入完成，共有191393行。
[2017-01-16 14:27:27] INFO [console:27] 数据表Table_jingwai_ID_Card_2已经导入完成，共有8164698行。
[2017-01-16 14:36:31] INFO [console:27] 数据表Table_jingwai_ID_Card_1已经导入完成，共有9413436行。
[2017-01-16 14:37:19] INFO [console:27] 数据表Table_163com475已经导入完成，共有2304883行。
[2017-01-16 14:40:27] ERROR [console:33] 错误的表：Table_163com718，错误的行：[548000-550000]
[2017-01-16 14:43:22] INFO [console:27] 数据表Table_menhu_Xiaomi_com已经导入完成，共有8281387行。
[2017-01-16 14:53:34] INFO [console:27] 数据表Table_163com476已经导入完成，共有2315123行。
[2017-01-16 14:58:04] INFO [console:27] 数据表Table_163com633已经导入完成，共有922676行。
[2017-01-16 15:00:50] INFO [console:27] 数据表Table_163com486已经导入完成，共有935790行。
[2017-01-16 15:04:30] INFO [console:27] 数据表Table_163com733已经导入完成，共有5591014行。
[2017-01-16 15:16:34] INFO [console:27] 数据表Table_163com634已经导入完成，共有486320行。
[2017-01-16 15:20:43] INFO [console:27] 数据表Table_163com244已经导入完成，共有1118204行。
[2017-01-16 15:22:46] INFO [console:27] 数据表Table_163com718已经导入完成，共有2268679行。
[2017-01-16 15:29:53] INFO [console:27] 数据表Table_shujuku_1E_1已经导入完成，共有4045600行。
[2017-01-16 15:32:52] INFO [console:27] 数据表Table_luntan_gfen已经导入完成，共有2289683行。
[2017-01-16 15:35:22] INFO [console:27] 数据表Table_163com245已经导入完成，共有559102行。
[2017-01-16 15:39:26] INFO [console:27] 数据表Table_163com566已经导入完成，共有1000000行。
[2017-01-16 15:52:03] INFO [console:27] 数据表Table_163com477已经导入完成，共有2341005行。
[2017-01-16 15:54:15] INFO [console:27] 数据表Table_163com858已经导入完成，共有665207行。
[2017-01-16 15:57:40] INFO [console:27] 数据表Table_163com411已经导入完成，共有999999行。
[2017-01-16 16:04:21] INFO [console:27] 数据表Table_shujuku_1E_2已经导入完成，共有4081915行。
[2017-01-16 16:06:13] INFO [console:27] 数据表Table_163com246已经导入完成，共有559102行。
[2017-01-16 16:17:27] INFO [console:27] 数据表Table_163com488已经导入完成，共有500000行。
[2017-01-16 16:22:46] INFO [console:27] 数据表Table_163com567已经导入完成，共有802921行。
[2017-01-16 16:26:38] INFO [console:27] 数据表Table_shejiao_baihe已经导入完成，共有10661634行。
[2017-01-16 16:27:42] INFO [console:27] 数据表Table_luntan_saidi已经导入完成，共有1762103行。
[2017-01-16 16:30:06] INFO [console:27] 数据表Table_163com247已经导入完成，共有559102行。
[2017-01-16 16:38:03] ERROR [console:33] 错误的表：Table_shujuku_1E_5，错误的行：[1766000-1768000]
[2017-01-16 16:38:33] INFO [console:27] 数据表Table_shujuku_1E_3已经导入完成，共有4129836行。
[2017-01-16 16:45:55] INFO [console:27] 数据表Table_163com517已经导入完成，共有848629行。
[2017-01-16 16:49:50] INFO [console:27] 数据表Table_163com536已经导入完成，共有159152行。
[2017-01-16 16:52:36] INFO [console:27] 数据表Table_163com248已经导入完成，共有559102行。
[2017-01-16 16:53:20] INFO [console:27] 数据表Table_163com859已经导入完成，共有986668行。
[2017-01-16 17:01:33] INFO [console:27] 数据表Table_luntan_gfen2已经导入完成，共有4794727行。
[2017-01-16 17:12:07] INFO [console:27] 数据表Table_shujuku_1E_4已经导入完成，共有4120577行。
[2017-01-16 17:16:42] INFO [console:27] 数据表Table_163com635已经导入完成，共有954474行。
[2017-01-16 17:24:05] INFO [console:27] 数据表Table_163com413已经导入完成，共有1000000行。
[2017-01-16 17:24:16] INFO [console:27] 数据表Table_163com537已经导入完成，共有9947行。
[2017-01-16 17:28:33] INFO [console:27] 数据表Table_163com249已经导入完成，共有559102行。
[2017-01-16 17:33:15] INFO [console:27] 数据表Table_163com568已经导入完成，共有981973行。
[2017-01-16 17:33:50] INFO [console:27] 数据表Table_shujuku_1E_5已经导入完成，共有4056754行。
[2017-01-16 17:35:49] INFO [console:27] 数据表Table_163com701已经导入完成，共有5591024行。
[2017-01-16 17:47:38] INFO [console:27] 数据表Table_jingwai_250W已经导入完成，共有2528230行。
[2017-01-16 17:55:03] INFO [console:27] 数据表Table_163com490已经导入完成，共有342367行。
[2017-01-16 17:55:40] INFO [console:27] 数据表Table_163com412已经导入完成，共有999999行。
[2017-01-16 17:57:28] INFO [console:27] 数据表Table_163com860已经导入完成，共有986672行。
[2017-01-16 18:03:49] INFO [console:27] 数据表Table_shujuku_1E_6已经导入完成，共有4145577行。
[2017-01-16 18:06:51] INFO [console:27] 数据表Table_163com250已经导入完成，共有559102行。
[2017-01-16 18:16:54] INFO [console:27] 数据表Table_163com540已经导入完成，共有999967行。
[2017-01-16 18:24:11] INFO [console:27] 数据表Table_shujuku_1E_7已经导入完成，共有3984285行。
[2017-01-16 18:30:53] INFO [console:27] 数据表Table_163com518已经导入完成，共有1284814行。
[2017-01-16 18:32:32] INFO [console:27] 数据表Table_jingwai_121已经导入完成，共有3194095行。
[2017-01-16 18:36:04] INFO [console:27] 数据表Table_163com251已经导入完成，共有559102行。
[2017-01-16 18:38:12] INFO [console:27] 数据表Table_163com414已经导入完成，共有1000000行。
[2017-01-16 18:55:40] INFO [console:27] 数据表Table_163com519已经导入完成，共有1082722行。
[2017-01-16 18:58:28] INFO [console:27] 数据表Table_163com861已经导入完成，共有986670行。
[2017-01-16 19:02:27] INFO [console:27] 数据表Table_shujuku_1E_8已经导入完成，共有3990300行。
[2017-01-16 19:07:38] INFO [console:27] 数据表Table_jingwai_qq464440456已经导入完成，共有7336985行。
[2017-01-16 19:10:57] INFO [console:27] 数据表Table_163com252已经导入完成，共有559102行。
[2017-01-16 19:12:45] INFO [console:27] 数据表Table_163com491已经导入完成，共有792044行。
[2017-01-16 19:12:59] ERROR [console:33] 错误的表：Table_shujuku_1E_9，错误的行：[2958000-2960000]
